{"timestamp":"2026-05-03T19:15:40.512123962Z","@version":"1","message":"Starting CustomerServiceApplication v1.0.0 using Java 17.0.18 with PID 1 (/app/app.jar started by root in /app)","logger":"edu.bits.customer.CustomerServiceApplication","thread":"main","level":"INFO","level_value":20000}
{"timestamp":"2026-05-03T19:15:40.577770483Z","@version":"1","message":"No active profile set, falling back to 1 default profile: \"default\"","logger":"edu.bits.customer.CustomerServiceApplication","thread":"main","level":"INFO","level_value":20000}
{"timestamp":"2026-05-03T19:15:44.423402852Z","@version":"1","message":"Bootstrapping Spring Data JPA repositories in DEFAULT mode.","logger":"org.springframework.data.repository.config.RepositoryConfigurationDelegate","thread":"main","level":"INFO","level_value":20000}
{"timestamp":"2026-05-03T19:15:44.627874388Z","@version":"1","message":"Finished Spring Data repository scanning in 176 ms. Found 1 JPA repository interface.","logger":"org.springframework.data.repository.config.RepositoryConfigurationDelegate","thread":"main","level":"INFO","level_value":20000}
{"timestamp":"2026-05-03T19:15:46.855214731Z","@version":"1","message":"Tomcat initialized with port 8081 (http)","logger":"org.springframework.boot.web.embedded.tomcat.TomcatWebServer","thread":"main","level":"INFO","level_value":20000}
{"timestamp":"2026-05-03T19:15:46.886969433Z","@version":"1","message":"Starting service [Tomcat]","logger":"org.apache.catalina.core.StandardService","thread":"main","level":"INFO","level_value":20000}
{"timestamp":"2026-05-03T19:15:46.888263906Z","@version":"1","message":"Starting Servlet engine: [Apache Tomcat/10.1.26]","logger":"org.apache.catalina.core.StandardEngine","thread":"main","level":"INFO","level_value":20000}
{"timestamp":"2026-05-03T19:15:46.975203707Z","@version":"1","message":"Initializing Spring embedded WebApplicationContext","logger":"org.apache.catalina.core.ContainerBase.[Tomcat].[localhost].[/]","thread":"main","level":"INFO","level_value":20000}
{"timestamp":"2026-05-03T19:15:46.978411067Z","@version":"1","message":"Root WebApplicationContext: initialization completed in 6200 ms","logger":"org.springframework.boot.web.servlet.context.ServletWebServerApplicationContext","thread":"main","level":"INFO","level_value":20000}
{"timestamp":"2026-05-03T19:15:48.128473938Z","@version":"1","message":"HHH000204: Processing PersistenceUnitInfo [name: default]","logger":"org.hibernate.jpa.internal.util.LogHelper","thread":"main","level":"INFO","level_value":20000}
{"timestamp":"2026-05-03T19:15:48.308430049Z","@version":"1","message":"HHH000412: Hibernate ORM core version 6.5.2.Final","logger":"org.hibernate.Version","thread":"main","level":"INFO","level_value":20000}
{"timestamp":"2026-05-03T19:15:48.420396355Z","@version":"1","message":"HHH000026: Second-level cache disabled","logger":"org.hibernate.cache.internal.RegionFactoryInitiator","thread":"main","level":"INFO","level_value":20000}
{"timestamp":"2026-05-03T19:15:49.155114215Z","@version":"1","message":"No LoadTimeWeaver setup: ignoring JPA class transformer","logger":"org.springframework.orm.jpa.persistenceunit.SpringPersistenceUnitInfo","thread":"main","level":"INFO","level_value":20000}
{"timestamp":"2026-05-03T19:15:49.220841438Z","@version":"1","message":"HikariPool-1 - Starting...","logger":"com.zaxxer.hikari.HikariDataSource","thread":"main","level":"INFO","level_value":20000}
{"timestamp":"2026-05-03T19:15:49.850469215Z","@version":"1","message":"HikariPool-1 - Added connection org.postgresql.jdbc.PgConnection@141229f6","logger":"com.zaxxer.hikari.pool.HikariPool","thread":"main","level":"INFO","level_value":20000}
{"timestamp":"2026-05-03T19:15:49.866789021Z","@version":"1","message":"HikariPool-1 - Start completed.","logger":"com.zaxxer.hikari.HikariDataSource","thread":"main","level":"INFO","level_value":20000}
{"timestamp":"2026-05-03T19:15:51.905378612Z","@version":"1","message":"HHH000489: No JTA platform available (set 'hibernate.transaction.jta.platform' to enable JTA platform integration)","logger":"org.hibernate.engine.transaction.jta.platform.internal.JtaPlatformInitiator","thread":"main","level":"INFO","level_value":20000}
{"timestamp":"2026-05-03T19:15:51.993453563Z","@version":"1","message":"Initialized JPA EntityManagerFactory for persistence unit 'default'","logger":"org.springframework.orm.jpa.LocalContainerEntityManagerFactoryBean","thread":"main","level":"INFO","level_value":20000}
{"timestamp":"2026-05-03T19:15:52.875778814Z","@version":"1","message":"spring.jpa.open-in-view is enabled by default. Therefore, database queries may be performed during view rendering. Explicitly configure spring.jpa.open-in-view to disable this warning","logger":"org.springframework.boot.autoconfigure.orm.jpa.JpaBaseConfiguration$JpaWebConfiguration","thread":"main","level":"WARN","level_value":30000}
{"timestamp":"2026-05-03T19:15:55.443529543Z","@version":"1","message":"Exposing 3 endpoints beneath base path '/actuator'","logger":"org.springframework.boot.actuate.endpoint.web.EndpointLinksResolver","thread":"main","level":"INFO","level_value":20000}
{"timestamp":"2026-05-03T19:15:55.698698357Z","@version":"1","message":"Tomcat started on port 8081 (http) with context path '/'","logger":"org.springframework.boot.web.embedded.tomcat.TomcatWebServer","thread":"main","level":"INFO","level_value":20000}
{"timestamp":"2026-05-03T19:15:55.736977742Z","@version":"1","message":"Started CustomerServiceApplication in 23.814 seconds (process running for 27.882)","logger":"edu.bits.customer.CustomerServiceApplication","thread":"main","level":"INFO","level_value":20000}
{"timestamp":"2026-05-03T19:16:21.752450444Z","@version":"1","message":"Initializing Spring DispatcherServlet 'dispatcherServlet'","logger":"org.apache.catalina.core.ContainerBase.[Tomcat].[localhost].[/]","thread":"http-nio-8081-exec-1","level":"INFO","level_value":20000}
{"timestamp":"2026-05-03T19:16:21.754155089Z","@version":"1","message":"Initializing Servlet 'dispatcherServlet'","logger":"org.springframework.web.servlet.DispatcherServlet","thread":"http-nio-8081-exec-1","level":"INFO","level_value":20000}
{"timestamp":"2026-05-03T19:16:21.758874521Z","@version":"1","message":"Completed initialization in 4 ms","logger":"org.springframework.web.servlet.DispatcherServlet","thread":"http-nio-8081-exec-1","level":"INFO","level_value":20000}
{"timestamp":"2026-05-03T19:19:56.073270247Z","@version":"1","message":"Closing JPA EntityManagerFactory for persistence unit 'default'","logger":"org.springframework.orm.jpa.LocalContainerEntityManagerFactoryBean","thread":"SpringApplicationShutdownHook","level":"INFO","level_value":20000}
{"timestamp":"2026-05-03T19:19:56.124747128Z","@version":"1","message":"HikariPool-1 - Shutdown initiated...","logger":"com.zaxxer.hikari.HikariDataSource","thread":"SpringApplicationShutdownHook","level":"INFO","level_value":20000}
{"timestamp":"2026-05-03T19:19:56.159270594Z","@version":"1","message":"HikariPool-1 - Shutdown completed.","logger":"com.zaxxer.hikari.HikariDataSource","thread":"SpringApplicationShutdownHook","level":"INFO","level_value":20000}
{"timestamp":"2026-05-03T19:20:09.941734539Z","@version":"1","message":"Starting CustomerServiceApplication v1.0.0 using Java 17.0.18 with PID 1 (/app/app.jar started by root in /app)","logger":"edu.bits.customer.CustomerServiceApplication","thread":"main","level":"INFO","level_value":20000}
{"timestamp":"2026-05-03T19:20:10.021588064Z","@version":"1","message":"No active profile set, falling back to 1 default profile: \"default\"","logger":"edu.bits.customer.CustomerServiceApplication","thread":"main","level":"INFO","level_value":20000}
{"timestamp":"2026-05-03T19:20:17.6982495Z","@version":"1","message":"Bootstrapping Spring Data JPA repositories in DEFAULT mode.","logger":"org.springframework.data.repository.config.RepositoryConfigurationDelegate","thread":"main","level":"INFO","level_value":20000}
{"timestamp":"2026-05-03T19:20:17.922380965Z","@version":"1","message":"Finished Spring Data repository scanning in 187 ms. Found 1 JPA repository interface.","logger":"org.springframework.data.repository.config.RepositoryConfigurationDelegate","thread":"main","level":"INFO","level_value":20000}
{"timestamp":"2026-05-03T19:20:22.823884107Z","@version":"1","message":"Tomcat initialized with port 8081 (http)","logger":"org.springframework.boot.web.embedded.tomcat.TomcatWebServer","thread":"main","level":"INFO","level_value":20000}
{"timestamp":"2026-05-03T19:20:22.899389158Z","@version":"1","message":"Starting service [Tomcat]","logger":"org.apache.catalina.core.StandardService","thread":"main","level":"INFO","level_value":20000}
{"timestamp":"2026-05-03T19:20:22.901196055Z","@version":"1","message":"Starting Servlet engine: [Apache Tomcat/10.1.26]","logger":"org.apache.catalina.core.StandardEngine","thread":"main","level":"INFO","level_value":20000}
{"timestamp":"2026-05-03T19:20:23.232290001Z","@version":"1","message":"Initializing Spring embedded WebApplicationContext","logger":"org.apache.catalina.core.ContainerBase.[Tomcat].[localhost].[/]","thread":"main","level":"INFO","level_value":20000}
{"timestamp":"2026-05-03T19:20:23.249684077Z","@version":"1","message":"Root WebApplicationContext: initialization completed in 12937 ms","logger":"org.springframework.boot.web.servlet.context.ServletWebServerApplicationContext","thread":"main","level":"INFO","level_value":20000}
{"timestamp":"2026-05-03T19:20:26.066464799Z","@version":"1","message":"HHH000204: Processing PersistenceUnitInfo [name: default]","logger":"org.hibernate.jpa.internal.util.LogHelper","thread":"main","level":"INFO","level_value":20000}
{"timestamp":"2026-05-03T19:20:26.581504923Z","@version":"1","message":"HHH000412: Hibernate ORM core version 6.5.2.Final","logger":"org.hibernate.Version","thread":"main","level":"INFO","level_value":20000}
{"timestamp":"2026-05-03T19:20:26.786514772Z","@version":"1","message":"HHH000026: Second-level cache disabled","logger":"org.hibernate.cache.internal.RegionFactoryInitiator","thread":"main","level":"INFO","level_value":20000}
{"timestamp":"2026-05-03T19:20:28.372752933Z","@version":"1","message":"No LoadTimeWeaver setup: ignoring JPA class transformer","logger":"org.springframework.orm.jpa.persistenceunit.SpringPersistenceUnitInfo","thread":"main","level":"INFO","level_value":20000}
{"timestamp":"2026-05-03T19:20:28.564347057Z","@version":"1","message":"HikariPool-1 - Starting...","logger":"com.zaxxer.hikari.HikariDataSource","thread":"main","level":"INFO","level_value":20000}
{"timestamp":"2026-05-03T19:20:29.487721193Z","@version":"1","message":"HikariPool-1 - Added connection org.postgresql.jdbc.PgConnection@141229f6","logger":"com.zaxxer.hikari.pool.HikariPool","thread":"main","level":"INFO","level_value":20000}
{"timestamp":"2026-05-03T19:20:29.496042785Z","@version":"1","message":"HikariPool-1 - Start completed.","logger":"com.zaxxer.hikari.HikariDataSource","thread":"main","level":"INFO","level_value":20000}
{"timestamp":"2026-05-03T19:20:35.97803901Z","@version":"1","message":"HHH000489: No JTA platform available (set 'hibernate.transaction.jta.platform' to enable JTA platform integration)","logger":"org.hibernate.engine.transaction.jta.platform.internal.JtaPlatformInitiator","thread":"main","level":"INFO","level_value":20000}
{"timestamp":"2026-05-03T19:20:36.406290363Z","@version":"1","message":"Initialized JPA EntityManagerFactory for persistence unit 'default'","logger":"org.springframework.orm.jpa.LocalContainerEntityManagerFactoryBean","thread":"main","level":"INFO","level_value":20000}
{"timestamp":"2026-05-03T19:20:39.390653014Z","@version":"1","message":"spring.jpa.open-in-view is enabled by default. Therefore, database queries may be performed during view rendering. Explicitly configure spring.jpa.open-in-view to disable this warning","logger":"org.springframework.boot.autoconfigure.orm.jpa.JpaBaseConfiguration$JpaWebConfiguration","thread":"main","level":"WARN","level_value":30000}
{"timestamp":"2026-05-03T19:20:43.517573555Z","@version":"1","message":"Exposing 3 endpoints beneath base path '/actuator'","logger":"org.springframework.boot.actuate.endpoint.web.EndpointLinksResolver","thread":"main","level":"INFO","level_value":20000}
{"timestamp":"2026-05-03T19:20:43.926838643Z","@version":"1","message":"Tomcat started on port 8081 (http) with context path '/'","logger":"org.springframework.boot.web.embedded.tomcat.TomcatWebServer","thread":"main","level":"INFO","level_value":20000}
{"timestamp":"2026-05-03T19:20:44.030839999Z","@version":"1","message":"Started CustomerServiceApplication in 41.892 seconds (process running for 46.08)","logger":"edu.bits.customer.CustomerServiceApplication","thread":"main","level":"INFO","level_value":20000}
{"timestamp":"2026-05-03T19:21:40.240387999Z","@version":"1","message":"Initializing Spring DispatcherServlet 'dispatcherServlet'","logger":"org.apache.catalina.core.ContainerBase.[Tomcat].[localhost].[/]","thread":"http-nio-8081-exec-1","level":"INFO","level_value":20000}
{"timestamp":"2026-05-03T19:21:40.241398341Z","@version":"1","message":"Initializing Servlet 'dispatcherServlet'","logger":"org.springframework.web.servlet.DispatcherServlet","thread":"http-nio-8081-exec-1","level":"INFO","level_value":20000}
{"timestamp":"2026-05-03T19:21:40.244054706Z","@version":"1","message":"Completed initialization in 2 ms","logger":"org.springframework.web.servlet.DispatcherServlet","thread":"http-nio-8081-exec-1","level":"INFO","level_value":20000}
{"timestamp":"2026-05-03T19:23:13.572383143Z","@version":"1","message":"Creating customer: Test User, email: te****om","logger":"edu.bits.customer.CustomerController","thread":"http-nio-8081-exec-8","level":"INFO","level_value":20000,"traceId":"69f7a0a1c5bf742049e5b6056642af05","spanId":"49e5b6056642af05"}
{"timestamp":"2026-05-03T19:23:13.762835824Z","@version":"1","message":"Fetching customer with id: 3","logger":"edu.bits.customer.CustomerController","thread":"http-nio-8081-exec-9","level":"INFO","level_value":20000,"traceId":"69f7a0a1533565dd995580efa605aaa3","spanId":"995580efa605aaa3"}
{"timestamp":"2026-05-03T19:23:13.821050202Z","@version":"1","message":"Fetching customer with id: 3","logger":"edu.bits.customer.CustomerController","thread":"http-nio-8081-exec-10","level":"INFO","level_value":20000,"traceId":"69f7a0a15e77de78f26b149b64f65493","spanId":"f26b149b64f65493"}
{"timestamp":"2026-05-03T19:23:13.893915955Z","@version":"1","message":"Fetching customer with id: 3","logger":"edu.bits.customer.CustomerController","thread":"http-nio-8081-exec-1","level":"INFO","level_value":20000,"traceId":"69f7a0a185ae440d34aec1c58f40d955","spanId":"34aec1c58f40d955"}
{"timestamp":"2026-05-03T19:23:13.910421519Z","@version":"1","message":"Deleting customer with id: 3","logger":"edu.bits.customer.CustomerController","thread":"http-nio-8081-exec-2","level":"INFO","level_value":20000,"traceId":"69f7a0a145ea2073939c81db87f32c57","spanId":"939c81db87f32c57"}
{"timestamp":"2026-05-03T19:23:13.912578884Z","@version":"1","message":"Fetching customer with id: 3","logger":"edu.bits.customer.CustomerController","thread":"http-nio-8081-exec-2","level":"INFO","level_value":20000,"traceId":"69f7a0a145ea2073939c81db87f32c57","spanId":"939c81db87f32c57"}
{"timestamp":"2026-05-03T19:23:13.949796267Z","@version":"1","message":"Fetching customer with id: 3","logger":"edu.bits.customer.CustomerController","thread":"http-nio-8081-exec-3","level":"INFO","level_value":20000,"traceId":"69f7a0a1447c614def1d8ea4f64d3cf6","spanId":"ef1d8ea4f64d3cf6"}
