{"timestamp":"2026-05-03T19:20:10.013646243Z","@version":"1","message":"Starting AccountServiceApplication v1.0.0 using Java 17.0.18 with PID 1 (/app/app.jar started by root in /app)","logger":"edu.bits.account.AccountServiceApplication","thread":"main","level":"INFO","level_value":20000}
{"timestamp":"2026-05-03T19:20:10.135709376Z","@version":"1","message":"No active profile set, falling back to 1 default profile: \"default\"","logger":"edu.bits.account.AccountServiceApplication","thread":"main","level":"INFO","level_value":20000}
{"timestamp":"2026-05-03T19:20:18.514607729Z","@version":"1","message":"Bootstrapping Spring Data JPA repositories in DEFAULT mode.","logger":"org.springframework.data.repository.config.RepositoryConfigurationDelegate","thread":"main","level":"INFO","level_value":20000}
{"timestamp":"2026-05-03T19:20:18.921204277Z","@version":"1","message":"Finished Spring Data repository scanning in 337 ms. Found 1 JPA repository interface.","logger":"org.springframework.data.repository.config.RepositoryConfigurationDelegate","thread":"main","level":"INFO","level_value":20000}
{"timestamp":"2026-05-03T19:20:23.087701415Z","@version":"1","message":"Tomcat initialized with port 8082 (http)","logger":"org.springframework.boot.web.embedded.tomcat.TomcatWebServer","thread":"main","level":"INFO","level_value":20000}
{"timestamp":"2026-05-03T19:20:23.126778034Z","@version":"1","message":"Starting service [Tomcat]","logger":"org.apache.catalina.core.StandardService","thread":"main","level":"INFO","level_value":20000}
{"timestamp":"2026-05-03T19:20:23.133881918Z","@version":"1","message":"Starting Servlet engine: [Apache Tomcat/10.1.26]","logger":"org.apache.catalina.core.StandardEngine","thread":"main","level":"INFO","level_value":20000}
{"timestamp":"2026-05-03T19:20:23.311140681Z","@version":"1","message":"Initializing Spring embedded WebApplicationContext","logger":"org.apache.catalina.core.ContainerBase.[Tomcat].[localhost].[/]","thread":"main","level":"INFO","level_value":20000}
{"timestamp":"2026-05-03T19:20:23.314789122Z","@version":"1","message":"Root WebApplicationContext: initialization completed in 12747 ms","logger":"org.springframework.boot.web.servlet.context.ServletWebServerApplicationContext","thread":"main","level":"INFO","level_value":20000}
{"timestamp":"2026-05-03T19:20:26.238873835Z","@version":"1","message":"HHH000204: Processing PersistenceUnitInfo [name: default]","logger":"org.hibernate.jpa.internal.util.LogHelper","thread":"main","level":"INFO","level_value":20000}
{"timestamp":"2026-05-03T19:20:26.672288595Z","@version":"1","message":"HHH000412: Hibernate ORM core version 6.5.2.Final","logger":"org.hibernate.Version","thread":"main","level":"INFO","level_value":20000}
{"timestamp":"2026-05-03T19:20:26.837282396Z","@version":"1","message":"HHH000026: Second-level cache disabled","logger":"org.hibernate.cache.internal.RegionFactoryInitiator","thread":"main","level":"INFO","level_value":20000}
{"timestamp":"2026-05-03T19:20:27.887229432Z","@version":"1","message":"No LoadTimeWeaver setup: ignoring JPA class transformer","logger":"org.springframework.orm.jpa.persistenceunit.SpringPersistenceUnitInfo","thread":"main","level":"INFO","level_value":20000}
{"timestamp":"2026-05-03T19:20:28.000643991Z","@version":"1","message":"HikariPool-1 - Starting...","logger":"com.zaxxer.hikari.HikariDataSource","thread":"main","level":"INFO","level_value":20000}
{"timestamp":"2026-05-03T19:20:29.207036479Z","@version":"1","message":"HikariPool-1 - Added connection org.postgresql.jdbc.PgConnection@306bf4c3","logger":"com.zaxxer.hikari.pool.HikariPool","thread":"main","level":"INFO","level_value":20000}
{"timestamp":"2026-05-03T19:20:29.210079806Z","@version":"1","message":"HikariPool-1 - Start completed.","logger":"com.zaxxer.hikari.HikariDataSource","thread":"main","level":"INFO","level_value":20000}
{"timestamp":"2026-05-03T19:20:34.961930388Z","@version":"1","message":"HHH000489: No JTA platform available (set 'hibernate.transaction.jta.platform' to enable JTA platform integration)","logger":"org.hibernate.engine.transaction.jta.platform.internal.JtaPlatformInitiator","thread":"main","level":"INFO","level_value":20000}
{"timestamp":"2026-05-03T19:20:35.292421942Z","@version":"1","message":"Initialized JPA EntityManagerFactory for persistence unit 'default'","logger":"org.springframework.orm.jpa.LocalContainerEntityManagerFactoryBean","thread":"main","level":"INFO","level_value":20000}
{"timestamp":"2026-05-03T19:20:40.336102856Z","@version":"1","message":"spring.jpa.open-in-view is enabled by default. Therefore, database queries may be performed during view rendering. Explicitly configure spring.jpa.open-in-view to disable this warning","logger":"org.springframework.boot.autoconfigure.orm.jpa.JpaBaseConfiguration$JpaWebConfiguration","thread":"main","level":"WARN","level_value":30000}
{"timestamp":"2026-05-03T19:20:43.20146619Z","@version":"1","message":"Exposing 3 endpoints beneath base path '/actuator'","logger":"org.springframework.boot.actuate.endpoint.web.EndpointLinksResolver","thread":"main","level":"INFO","level_value":20000}
{"timestamp":"2026-05-03T19:20:43.916983894Z","@version":"1","message":"Tomcat started on port 8082 (http) with context path '/'","logger":"org.springframework.boot.web.embedded.tomcat.TomcatWebServer","thread":"main","level":"INFO","level_value":20000}
{"timestamp":"2026-05-03T19:20:43.979816347Z","@version":"1","message":"Started AccountServiceApplication in 40.54 seconds (process running for 45.221)","logger":"edu.bits.account.AccountServiceApplication","thread":"main","level":"INFO","level_value":20000}
{"timestamp":"2026-05-03T19:21:40.824403598Z","@version":"1","message":"Initializing Spring DispatcherServlet 'dispatcherServlet'","logger":"org.apache.catalina.core.ContainerBase.[Tomcat].[localhost].[/]","thread":"http-nio-8082-exec-1","level":"INFO","level_value":20000}
{"timestamp":"2026-05-03T19:21:40.825749753Z","@version":"1","message":"Initializing Servlet 'dispatcherServlet'","logger":"org.springframework.web.servlet.DispatcherServlet","thread":"http-nio-8082-exec-1","level":"INFO","level_value":20000}
{"timestamp":"2026-05-03T19:21:40.828079702Z","@version":"1","message":"Completed initialization in 1 ms","logger":"org.springframework.web.servlet.DispatcherServlet","thread":"http-nio-8082-exec-1","level":"INFO","level_value":20000}
