{"timestamp":"2026-05-03T19:20:09.46784966Z","@version":"1","message":"Starting NotificationServiceApplication v1.0.0 using Java 17.0.18 with PID 1 (/app/app.jar started by root in /app)","logger":"edu.bits.notification.NotificationServiceApplication","thread":"main","level":"INFO","level_value":20000}
{"timestamp":"2026-05-03T19:20:09.567103573Z","@version":"1","message":"No active profile set, falling back to 1 default profile: \"default\"","logger":"edu.bits.notification.NotificationServiceApplication","thread":"main","level":"INFO","level_value":20000}
{"timestamp":"2026-05-03T19:20:17.918319899Z","@version":"1","message":"Bootstrapping Spring Data JPA repositories in DEFAULT mode.","logger":"org.springframework.data.repository.config.RepositoryConfigurationDelegate","thread":"main","level":"INFO","level_value":20000}
{"timestamp":"2026-05-03T19:20:18.310589962Z","@version":"1","message":"Finished Spring Data repository scanning in 354 ms. Found 1 JPA repository interface.","logger":"org.springframework.data.repository.config.RepositoryConfigurationDelegate","thread":"main","level":"INFO","level_value":20000}
{"timestamp":"2026-05-03T19:20:22.842157963Z","@version":"1","message":"Tomcat initialized with port 8084 (http)","logger":"org.springframework.boot.web.embedded.tomcat.TomcatWebServer","thread":"main","level":"INFO","level_value":20000}
{"timestamp":"2026-05-03T19:20:22.897735816Z","@version":"1","message":"Starting service [Tomcat]","logger":"org.apache.catalina.core.StandardService","thread":"main","level":"INFO","level_value":20000}
{"timestamp":"2026-05-03T19:20:22.898937158Z","@version":"1","message":"Starting Servlet engine: [Apache Tomcat/10.1.26]","logger":"org.apache.catalina.core.StandardEngine","thread":"main","level":"INFO","level_value":20000}
{"timestamp":"2026-05-03T19:20:23.13295491Z","@version":"1","message":"Initializing Spring embedded WebApplicationContext","logger":"org.apache.catalina.core.ContainerBase.[Tomcat].[localhost].[/]","thread":"main","level":"INFO","level_value":20000}
{"timestamp":"2026-05-03T19:20:23.145939292Z","@version":"1","message":"Root WebApplicationContext: initialization completed in 13349 ms","logger":"org.springframework.boot.web.servlet.context.ServletWebServerApplicationContext","thread":"main","level":"INFO","level_value":20000}
{"timestamp":"2026-05-03T19:20:26.037593942Z","@version":"1","message":"HHH000204: Processing PersistenceUnitInfo [name: default]","logger":"org.hibernate.jpa.internal.util.LogHelper","thread":"main","level":"INFO","level_value":20000}
{"timestamp":"2026-05-03T19:20:26.285512374Z","@version":"1","message":"HHH000412: Hibernate ORM core version 6.5.2.Final","logger":"org.hibernate.Version","thread":"main","level":"INFO","level_value":20000}
{"timestamp":"2026-05-03T19:20:26.519732133Z","@version":"1","message":"HHH000026: Second-level cache disabled","logger":"org.hibernate.cache.internal.RegionFactoryInitiator","thread":"main","level":"INFO","level_value":20000}
{"timestamp":"2026-05-03T19:20:27.917557026Z","@version":"1","message":"No LoadTimeWeaver setup: ignoring JPA class transformer","logger":"org.springframework.orm.jpa.persistenceunit.SpringPersistenceUnitInfo","thread":"main","level":"INFO","level_value":20000}
{"timestamp":"2026-05-03T19:20:28.058086599Z","@version":"1","message":"HikariPool-1 - Starting...","logger":"com.zaxxer.hikari.HikariDataSource","thread":"main","level":"INFO","level_value":20000}
{"timestamp":"2026-05-03T19:20:29.193813544Z","@version":"1","message":"HikariPool-1 - Added connection org.postgresql.jdbc.PgConnection@fe38c0e","logger":"com.zaxxer.hikari.pool.HikariPool","thread":"main","level":"INFO","level_value":20000}
{"timestamp":"2026-05-03T19:20:29.198287753Z","@version":"1","message":"HikariPool-1 - Start completed.","logger":"com.zaxxer.hikari.HikariDataSource","thread":"main","level":"INFO","level_value":20000}
{"timestamp":"2026-05-03T19:20:34.727275265Z","@version":"1","message":"HHH000489: No JTA platform available (set 'hibernate.transaction.jta.platform' to enable JTA platform integration)","logger":"org.hibernate.engine.transaction.jta.platform.internal.JtaPlatformInitiator","thread":"main","level":"INFO","level_value":20000}
{"timestamp":"2026-05-03T19:20:34.951871145Z","@version":"1","message":"Initialized JPA EntityManagerFactory for persistence unit 'default'","logger":"org.springframework.orm.jpa.LocalContainerEntityManagerFactoryBean","thread":"main","level":"INFO","level_value":20000}
{"timestamp":"2026-05-03T19:20:40.327240009Z","@version":"1","message":"spring.jpa.open-in-view is enabled by default. Therefore, database queries may be performed during view rendering. Explicitly configure spring.jpa.open-in-view to disable this warning","logger":"org.springframework.boot.autoconfigure.orm.jpa.JpaBaseConfiguration$JpaWebConfiguration","thread":"main","level":"WARN","level_value":30000}
{"timestamp":"2026-05-03T19:20:44.448927896Z","@version":"1","message":"Exposing 3 endpoints beneath base path '/actuator'","logger":"org.springframework.boot.actuate.endpoint.web.EndpointLinksResolver","thread":"main","level":"INFO","level_value":20000}
{"timestamp":"2026-05-03T19:20:45.219114145Z","@version":"1","message":"Tomcat started on port 8084 (http) with context path '/'","logger":"org.springframework.boot.web.embedded.tomcat.TomcatWebServer","thread":"main","level":"INFO","level_value":20000}
{"timestamp":"2026-05-03T19:20:45.280609055Z","@version":"1","message":"Attempting to connect to: [rabbitmq:5672]","logger":"org.springframework.amqp.rabbit.connection.CachingConnectionFactory","thread":"main","level":"INFO","level_value":20000}
{"timestamp":"2026-05-03T19:20:45.875467343Z","@version":"1","message":"Created new connection: rabbitConnectionFactory#329cef32:0/SimpleConnection@5125558b [delegate=amqp://guest@172.20.0.5:5672/, localPort=50948]","logger":"org.springframework.amqp.rabbit.connection.CachingConnectionFactory","thread":"main","level":"INFO","level_value":20000}
{"timestamp":"2026-05-03T19:20:46.132313213Z","@version":"1","message":"Started NotificationServiceApplication in 44.56 seconds (process running for 48.15)","logger":"edu.bits.notification.NotificationServiceApplication","thread":"main","level":"INFO","level_value":20000}
{"timestamp":"2026-05-03T19:21:41.62306682Z","@version":"1","message":"Initializing Spring DispatcherServlet 'dispatcherServlet'","logger":"org.apache.catalina.core.ContainerBase.[Tomcat].[localhost].[/]","thread":"http-nio-8084-exec-1","level":"INFO","level_value":20000}
{"timestamp":"2026-05-03T19:21:41.625556474Z","@version":"1","message":"Initializing Servlet 'dispatcherServlet'","logger":"org.springframework.web.servlet.DispatcherServlet","thread":"http-nio-8084-exec-1","level":"INFO","level_value":20000}
{"timestamp":"2026-05-03T19:21:41.633245685Z","@version":"1","message":"Completed initialization in 3 ms","logger":"org.springframework.web.servlet.DispatcherServlet","thread":"http-nio-8084-exec-1","level":"INFO","level_value":20000}
